2020/02/19 00:04:10 main.go:26: Start to listening the incoming requests on http address: 192.168.1.104:9091
2020/02/19 00:04:30 main.go:26: Start to listening the incoming requests on http address: localhost:9091
2020/02/19 00:05:33 main.go:26: Start to listening the incoming requests on http address: localhost:9091
2020/02/19 00:06:47 main.go:26: Start to listening the incoming requests on http address: 192.168.1.104:9091
2020/02/19 00:07:44 main.go:26: Start to listening the incoming requests on http address: 9091
2020/02/19 00:19:07 main.go:26: Start to listening the incoming requests on http address: :9091
2020/02/19 10:16:15 main.go:26: Start to listening the incoming requests on http address: :9091
2020/02/19 11:18:18 main.go:26: Start to listening the incoming requests on http address: :9091
2020/02/19 11:40:11 main.go:26: Start to listening the incoming requests on http address: :9091
2020/02/19 11:45:15 main.go:26: Start to listening the incoming requests on http address: :9091
2020/02/19 11:47:31 main.go:26: Start to listening the incoming requests on http address: :9091
2020/02/19 11:54:00 main.go:26: Start to listening the incoming requests on http address: :9091
2020/02/19 13:56:34 main.go:26: Start to listening the incoming requests on http address: :9091
2020/02/19 14:12:22 main.go:26: Start to listening the incoming requests on http address: :9091
2020/02/19 14:12:58 main.go:26: Start to listening the incoming requests on http address: :9091
2020/02/19 14:46:18 main.go:26: Start to listening the incoming requests on http address: :9091
2020/02/19 15:41:29 main.go:26: Start to listening the incoming requests on http address: :9091
2020/02/19 15:43:40 main.go:26: Start to listening the incoming requests on http address: :9091
2020/02/19 15:45:03 main.go:26: Start to listening the incoming requests on http address: :9091
2020/02/19 15:47:35 main.go:26: Start to listening the incoming requests on http address: :9091
2020/02/19 15:53:05 main.go:26: Start to listening the incoming requests on http address: :9091
2020/02/19 16:33:28 uploadLogo.go:533: Error waiting for command execution: exit status 127......
2020/02/19 16:49:41 uploadLogo.go:533: Error waiting for command execution: exit status 127......
2020/02/19 16:53:05 uploadLogo.go:533: Error waiting for command execution: exit status 127......
2020/02/19 17:01:41 uploadLogo.go:533: Error waiting for command execution: exit status 127......
2020/02/19 17:18:41 uploadLogo.go:533: Error waiting for command execution: exit status 127......
2020/02/19 17:21:37 main.go:26: Start to listening the incoming requests on http address: :9091
2020/02/19 17:21:43 uploadLogo.go:533: Error waiting for command execution: exit status 127......
2020/02/19 17:23:41 main.go:26: Start to listening the incoming requests on http address: :9091
2020/02/19 17:26:14 uploadLogo.go:539: Error waiting for command execution: exit status 127......
2020/02/19 17:26:22 uploadLogo.go:539: Error waiting for command execution: exit status 127......
2020/02/19 17:26:25 uploadLogo.go:539: Error waiting for command execution: exit status 127......
2020/02/19 17:26:26 uploadLogo.go:539: Error waiting for command execution: exit status 127......
2020/02/19 17:33:52 main.go:26: Start to listening the incoming requests on http address: :9091
2020/02/19 17:34:55 uploadLogo.go:539: Error waiting for command execution: exit status 127......
2020/02/19 17:34:57 uploadLogo.go:539: Error waiting for command execution: exit status 127......
2020/02/19 17:36:23 uploadLogo.go:539: Error waiting for command execution: exit status 127......
2020/02/19 17:37:01 main.go:26: Start to listening the incoming requests on http address: :9091
2020/02/19 17:38:02 uploadLogo.go:539: Error waiting for command execution: exit status 1......
2020/02/19 17:38:59 main.go:26: Start to listening the incoming requests on http address: :9091
2020/02/19 17:42:06 uploadLogo.go:539: Error waiting for command execution: exit status 1......
2020/02/19 18:18:13 main.go:26: Start to listening the incoming requests on http address: :9091
2020/02/19 19:27:24 main.go:26: Start to listening the incoming requests on http address: :9091
2020/02/19 19:30:42 main.go:26: Start to listening the incoming requests on http address: :9091
2020/02/19 19:40:13 main.go:26: Start to listening the incoming requests on http address: :9091
2020/02/19 19:44:39 main.go:26: Start to listening the incoming requests on http address: :9091
2020/02/19 19:46:57 main.go:26: Start to listening the incoming requests on http address: :9091
2020/02/19 19:56:14 main.go:26: Start to listening the incoming requests on http address: :9091
2020/02/19 20:16:53 main.go:26: Start to listening the incoming requests on http address: :9091
2020/02/19 20:25:02 main.go:26: Start to listening the incoming requests on http address: :9091
2020/02/19 20:36:38 main.go:26: Start to listening the incoming requests on http address: :9091
2020/02/19 20:50:46 uploadLogo.go:588: Error waiting for command execution: exit status 127......
2020/02/19 20:59:42 uploadLogo.go:588: Error waiting for command execution: exit status 1......
2020/02/19 21:08:22 main.go:26: Start to listening the incoming requests on http address: :9091
2020/02/19 21:49:03 main.go:26: Start to listening the incoming requests on http address: :9091
2020/02/19 21:51:53 uploadLogo.go:621: Error waiting for command execution: exit status 127......
2020/02/19 21:54:35 uploadLogo.go:621: Error waiting for command execution: exit status 1......
2020/02/19 22:02:30 uploadLogo.go:621: Error waiting for command execution: exit status 127......
2020/02/19 22:05:11 uploadLogo.go:621: Error waiting for command execution: exit status 1......
2020/02/19 22:09:58 uploadLogo.go:509: Error waiting for command execution: exit status 1......
2020/02/19 22:10:01 uploadLogo.go:509: Error waiting for command execution: exit status 1......
2020/02/19 22:10:41 uploadLogo.go:509: Error waiting for command execution: exit status 1......
2020/02/19 22:13:02 main.go:26: Start to listening the incoming requests on http address: :9091
2020/02/19 22:14:59 uploadLogo.go:509: Error waiting for command execution: exit status 1......
